<?xml version="1.0" encoding="UTF-8"?>
<!-- Generated by org.testng.reporters.JUnitReportReporter -->
<testsuite hostname="DESKTOP-5GFQOGL" failures="0" tests="7" name="Demo.appiumFramework.banjaraRide" time="122.756" errors="0" timestamp="2023-05-25T21:47:26 IST" skipped="0">
  <testcase classname="Demo.appiumFramework.banjaraRide" name="bookNow" time="29.258"/>
  <system-out/>
  <testcase classname="Demo.appiumFramework.banjaraRide" name="menuBar_bookings" time="17.994"/>
  <system-out/>
  <testcase classname="Demo.appiumFramework.banjaraRide" name="aboutUs" time="17.487"/>
  <system-out/>
  <testcase classname="Demo.appiumFramework.banjaraRide" name="informationCenter" time="21.573"/>
  <system-out/>
  <testcase classname="Demo.appiumFramework.banjaraRide" name="Profile" time="11.487"/>
  <system-out/>
  <testcase classname="Demo.appiumFramework.banjaraRide" name="appLanguage" time="12.461"/>
  <system-out/>
  <testcase classname="Demo.appiumFramework.banjaraRide" name="callUs" time="12.496"/>
  <system-out/>
</testsuite> <!-- Demo.appiumFramework.banjaraRide -->
